<?xml version="1.0" encoding="UTF-8"?>
<!-- Generated by org.testng.reporters.JUnitReportReporter -->
<testsuite skipped="0" hostname="LAPTOP-CV8H82PQ" name="com.qa.api.gorest.tests.GetUserTest" tests="1" failures="0" timestamp="30 Aug 2020 20:02:35 GMT" time="3.502" errors="0">
  <testcase name="getUserWithQueryParamsAPITest" time="3.502" classname="com.qa.api.gorest.tests.GetUserTest"/>
</testsuite> <!-- com.qa.api.gorest.tests.GetUserTest -->
