<?xml version="1.0" encoding="UTF-8"?>
<!-- Generated by org.testng.reporters.JUnitReportReporter -->
<testsuite skipped="0" hostname="LAPTOP-CV8H82PQ" name="com.qa.api.gorest.tests.CreateUserTest" tests="4" failures="0" timestamp="01 Sep 2020 20:25:30 GMT" time="5.731" errors="0">
  <testcase name="createUserAPIPOSTTest" time="0.570" classname="com.qa.api.gorest.tests.CreateUserTest"/>
  <testcase name="createUserAPIPOSTTest" time="0.675" classname="com.qa.api.gorest.tests.CreateUserTest"/>
  <testcase name="createUserAPIPOSTTest" time="3.607" classname="com.qa.api.gorest.tests.CreateUserTest"/>
  <testcase name="createUserAPIPOSTTest" time="0.879" classname="com.qa.api.gorest.tests.CreateUserTest"/>
</testsuite> <!-- com.qa.api.gorest.tests.CreateUserTest -->
