<?xml version="1.0" encoding="UTF-8"?>
<!-- Generated by org.testng.reporters.JUnitReportReporter -->
<testsuite skipped="0" hostname="LAPTOP-CV8H82PQ" name="com.qa.api.gorest.pojo.UserResult" tests="1" failures="0" timestamp="2020-09-19T02:04:11 IST" time="4.594" errors="0">
  <testcase name="createUserWithFullJson" time="4.594" classname="com.qa.api.gorest.pojo.UserResult"/>
</testsuite> <!-- com.qa.api.gorest.pojo.UserResult -->
