<?xml version="1.0" encoding="UTF-8"?>
<!-- Generated by org.testng.reporters.JUnitReportReporter -->
<testsuite skipped="0" hostname="LAPTOP-CV8H82PQ" name="com.qa.api.gorest.util.Token" tests="1" failures="0" timestamp="2020-09-05T00:29:17 IST" time="5.208" errors="0">
  <testcase name="getAccessToken" time="5.208" classname="com.qa.api.gorest.util.Token"/>
</testsuite> <!-- com.qa.api.gorest.util.Token -->
