<?xml version="1.0" encoding="UTF-8"?>
<!-- Generated by org.testng.reporters.JUnitReportReporter -->
<testsuite skipped="0" hostname="LAPTOP-CV8H82PQ" name="com.qa.api.gorest.tests.GetImgurAPITest" tests="1" failures="0" timestamp="2020-09-06T02:44:38 IST" time="13.219" errors="0">
  <testcase name="uploadImagePostAPITest" time="13.219" classname="com.qa.api.gorest.tests.GetImgurAPITest"/>
</testsuite> <!-- com.qa.api.gorest.tests.GetImgurAPITest -->
