<?xml version="1.0" encoding="UTF-8"?>
<!-- Generated by org.testng.reporters.JUnitReportReporter -->
<testsuite skipped="0" hostname="LAPTOP-CV8H82PQ" name="com.qa.api.gorest.tests.AssignmentPojoTest" tests="1" failures="0" timestamp="2020-09-23T23:00:22 IST" time="0.528" errors="0">
  <testcase name="test1" time="0.528" classname="com.qa.api.gorest.tests.AssignmentPojoTest"/>
</testsuite> <!-- com.qa.api.gorest.tests.AssignmentPojoTest -->
